  stdafx.cpp
  PeopleTracking.cpp
d:\vulcan\github\holodeck-nui\blob_tracking\visualstudioprojects\peopletracking_dll\peopletracking\peopletracking.cpp(168): warning C4244: 'initializing': conversion from 'double' to 'float', possible loss of data
d:\vulcan\github\holodeck-nui\blob_tracking\visualstudioprojects\peopletracking_dll\peopletracking\peopletracking.cpp(195): warning C4244: 'initializing': conversion from 'double' to 'float', possible loss of data
d:\vulcan\github\holodeck-nui\blob_tracking\visualstudioprojects\peopletracking_dll\peopletracking\peopletracking.cpp(219): warning C4101: 'frameData': unreferenced local variable
d:\vulcan\github\holodeck-nui\blob_tracking\visualstudioprojects\peopletracking_dll\peopletracking\peopletracking.cpp(338): warning C4305: '=': truncation from 'double' to 'float'
d:\vulcan\github\holodeck-nui\blob_tracking\visualstudioprojects\peopletracking_dll\peopletracking\peopletracking.cpp(342): warning C4305: '=': truncation from 'double' to 'float'
d:\vulcan\github\holodeck-nui\blob_tracking\visualstudioprojects\peopletracking_dll\peopletracking\peopletracking.cpp(346): warning C4305: '=': truncation from 'double' to 'float'
d:\vulcan\github\holodeck-nui\blob_tracking\visualstudioprojects\peopletracking_dll\peopletracking\peopletracking.cpp(413): warning C4101: 'e': unreferenced local variable
d:\vulcan\github\holodeck-nui\blob_tracking\visualstudioprojects\peopletracking_dll\peopletracking\peopletracking.cpp(431): warning C4101: 'e': unreferenced local variable
d:\vulcan\github\holodeck-nui\blob_tracking\visualstudioprojects\peopletracking_dll\peopletracking\peopletracking.cpp(445): warning C4101: 'e': unreferenced local variable
d:\vulcan\github\holodeck-nui\blob_tracking\visualstudioprojects\peopletracking_dll\peopletracking\peopletracking.cpp(457): warning C4267: 'initializing': conversion from 'size_t' to 'int', possible loss of data
d:\vulcan\github\holodeck-nui\blob_tracking\visualstudioprojects\peopletracking_dll\peopletracking\peopletracking.cpp(467): warning C4101: 'e': unreferenced local variable
d:\vulcan\github\holodeck-nui\blob_tracking\visualstudioprojects\peopletracking_dll\peopletracking\peopletracking.cpp(479): warning C4267: 'initializing': conversion from 'size_t' to 'int', possible loss of data
d:\vulcan\github\holodeck-nui\blob_tracking\visualstudioprojects\peopletracking_dll\peopletracking\peopletracking.cpp(484): warning C4101: 'e': unreferenced local variable
d:\vulcan\github\holodeck-nui\blob_tracking\visualstudioprojects\peopletracking_dll\peopletracking\peopletracking.cpp(510): warning C4101: 'e': unreferenced local variable
d:\vulcan\github\holodeck-nui\blob_tracking\visualstudioprojects\peopletracking_dll\peopletracking\peopletracking.cpp(543): warning C4244: 'initializing': conversion from 'float' to 'int', possible loss of data
d:\vulcan\github\holodeck-nui\blob_tracking\visualstudioprojects\peopletracking_dll\peopletracking\peopletracking.cpp(544): warning C4244: 'initializing': conversion from 'float' to 'int', possible loss of data
d:\vulcan\github\holodeck-nui\blob_tracking\visualstudioprojects\peopletracking_dll\peopletracking\peopletracking.cpp(565): warning C4267: 'return': conversion from 'size_t' to 'int', possible loss of data
d:\vulcan\github\holodeck-nui\blob_tracking\visualstudioprojects\peopletracking_dll\peopletracking\peopletracking.cpp(575): warning C4267: 'initializing': conversion from 'size_t' to 'int', possible loss of data
  dllmain.cpp
     Creating library D:\Vulcan\GitHub\Holodeck-NUI\blob_tracking\VisualStudioProjects\PeopleTracking_DLL\x64\Release\PeopleTracking.lib and object D:\Vulcan\GitHub\Holodeck-NUI\blob_tracking\VisualStudioProjects\PeopleTracking_DLL\x64\Release\PeopleTracking.exp
  Generating code
  All 763 functions were compiled because no usable IPDB/IOBJ from previous compilation was found.
  Finished generating code
  PeopleTracking.vcxproj -> D:\Vulcan\GitHub\Holodeck-NUI\blob_tracking\VisualStudioProjects\PeopleTracking_DLL\x64\Release\PeopleTracking.dll
