  stdafx.cpp
  PeopleTracking.cpp
d:\vulcan\github\holodeck-nui\blob_tracking\visualstudioprojects\peopletracking_dll\peopletracking\peopletracking.cpp(157): warning C4244: 'initializing': conversion from 'double' to 'float', possible loss of data
d:\vulcan\github\holodeck-nui\blob_tracking\visualstudioprojects\peopletracking_dll\peopletracking\peopletracking.cpp(184): warning C4244: 'initializing': conversion from 'double' to 'float', possible loss of data
d:\vulcan\github\holodeck-nui\blob_tracking\visualstudioprojects\peopletracking_dll\peopletracking\peopletracking.cpp(208): warning C4101: 'frameData': unreferenced local variable
d:\vulcan\github\holodeck-nui\blob_tracking\visualstudioprojects\peopletracking_dll\peopletracking\peopletracking.cpp(327): warning C4305: '=': truncation from 'double' to 'float'
d:\vulcan\github\holodeck-nui\blob_tracking\visualstudioprojects\peopletracking_dll\peopletracking\peopletracking.cpp(331): warning C4305: '=': truncation from 'double' to 'float'
d:\vulcan\github\holodeck-nui\blob_tracking\visualstudioprojects\peopletracking_dll\peopletracking\peopletracking.cpp(335): warning C4305: '=': truncation from 'double' to 'float'
d:\vulcan\github\holodeck-nui\blob_tracking\visualstudioprojects\peopletracking_dll\peopletracking\peopletracking.cpp(402): warning C4101: 'e': unreferenced local variable
d:\vulcan\github\holodeck-nui\blob_tracking\visualstudioprojects\peopletracking_dll\peopletracking\peopletracking.cpp(420): warning C4101: 'e': unreferenced local variable
d:\vulcan\github\holodeck-nui\blob_tracking\visualstudioprojects\peopletracking_dll\peopletracking\peopletracking.cpp(434): warning C4101: 'e': unreferenced local variable
d:\vulcan\github\holodeck-nui\blob_tracking\visualstudioprojects\peopletracking_dll\peopletracking\peopletracking.cpp(446): warning C4267: 'initializing': conversion from 'size_t' to 'int', possible loss of data
d:\vulcan\github\holodeck-nui\blob_tracking\visualstudioprojects\peopletracking_dll\peopletracking\peopletracking.cpp(456): warning C4101: 'e': unreferenced local variable
d:\vulcan\github\holodeck-nui\blob_tracking\visualstudioprojects\peopletracking_dll\peopletracking\peopletracking.cpp(468): warning C4267: 'initializing': conversion from 'size_t' to 'int', possible loss of data
d:\vulcan\github\holodeck-nui\blob_tracking\visualstudioprojects\peopletracking_dll\peopletracking\peopletracking.cpp(473): warning C4101: 'e': unreferenced local variable
d:\vulcan\github\holodeck-nui\blob_tracking\visualstudioprojects\peopletracking_dll\peopletracking\peopletracking.cpp(499): warning C4101: 'e': unreferenced local variable
d:\vulcan\github\holodeck-nui\blob_tracking\visualstudioprojects\peopletracking_dll\peopletracking\peopletracking.cpp(532): warning C4244: 'initializing': conversion from 'float' to 'int', possible loss of data
d:\vulcan\github\holodeck-nui\blob_tracking\visualstudioprojects\peopletracking_dll\peopletracking\peopletracking.cpp(533): warning C4244: 'initializing': conversion from 'float' to 'int', possible loss of data
d:\vulcan\github\holodeck-nui\blob_tracking\visualstudioprojects\peopletracking_dll\peopletracking\peopletracking.cpp(554): warning C4267: 'return': conversion from 'size_t' to 'int', possible loss of data
d:\vulcan\github\holodeck-nui\blob_tracking\visualstudioprojects\peopletracking_dll\peopletracking\peopletracking.cpp(564): warning C4267: 'initializing': conversion from 'size_t' to 'int', possible loss of data
  dllmain.cpp
  Generating Code...
     Creating library D:\Vulcan\GitHub\Holodeck-NUI\blob_tracking\VisualStudioProjects\PeopleTracking_DLL\x64\Debug\PeopleTracking.lib and object D:\Vulcan\GitHub\Holodeck-NUI\blob_tracking\VisualStudioProjects\PeopleTracking_DLL\x64\Debug\PeopleTracking.exp
  PeopleTracking.vcxproj -> D:\Vulcan\GitHub\Holodeck-NUI\blob_tracking\VisualStudioProjects\PeopleTracking_DLL\x64\Debug\PeopleTracking.dll
