  stdafx.cpp
  dllmain.cpp
  OpenCVForUnity.cpp
c:\users\syalanurag\documents\wondercast\opencvforunity\visualstudioproject\opencvforunity\opencvforunity.cpp(204): warning C4305: 'initializing': truncation from 'double' to 'float'
c:\users\syalanurag\documents\wondercast\opencvforunity\visualstudioproject\opencvforunity\opencvforunity.cpp(209): warning C4267: 'return': conversion from 'size_t' to 'int', possible loss of data
c:\users\syalanurag\documents\wondercast\opencvforunity\visualstudioproject\opencvforunity\opencvforunity.cpp(297): warning C4305: '=': truncation from 'double' to 'float'
c:\users\syalanurag\documents\wondercast\opencvforunity\visualstudioproject\opencvforunity\opencvforunity.cpp(301): warning C4305: '=': truncation from 'double' to 'float'
c:\users\syalanurag\documents\wondercast\opencvforunity\visualstudioproject\opencvforunity\opencvforunity.cpp(305): warning C4305: '=': truncation from 'double' to 'float'
c:\users\syalanurag\documents\wondercast\opencvforunity\visualstudioproject\opencvforunity\opencvforunity.cpp(372): warning C4267: 'initializing': conversion from 'size_t' to 'int', possible loss of data
c:\users\syalanurag\documents\wondercast\opencvforunity\visualstudioproject\opencvforunity\opencvforunity.cpp(389): warning C4267: 'initializing': conversion from 'size_t' to 'int', possible loss of data
c:\users\syalanurag\documents\wondercast\opencvforunity\visualstudioproject\opencvforunity\opencvforunity.cpp(445): warning C4267: 'initializing': conversion from 'size_t' to 'int', possible loss of data
c:\users\syalanurag\documents\wondercast\opencvforunity\visualstudioproject\opencvforunity\opencvforunity.cpp(446): warning C4267: 'initializing': conversion from 'size_t' to 'int', possible loss of data
c:\users\syalanurag\documents\wondercast\opencvforunity\visualstudioproject\opencvforunity\opencvforunity.cpp(491): warning C4244: 'initializing': conversion from 'float' to 'int', possible loss of data
c:\users\syalanurag\documents\wondercast\opencvforunity\visualstudioproject\opencvforunity\opencvforunity.cpp(492): warning C4244: 'initializing': conversion from 'float' to 'int', possible loss of data
c:\users\syalanurag\documents\wondercast\opencvforunity\visualstudioproject\opencvforunity\opencvforunity.cpp(497): warning C4244: 'argument': conversion from 'int' to 'float', possible loss of data
c:\users\syalanurag\documents\wondercast\opencvforunity\visualstudioproject\opencvforunity\opencvforunity.cpp(498): warning C4244: 'argument': conversion from 'int' to 'float', possible loss of data
c:\users\syalanurag\documents\wondercast\opencvforunity\visualstudioproject\opencvforunity\opencvforunity.cpp(510): warning C4244: 'argument': conversion from 'int' to 'float', possible loss of data
c:\users\syalanurag\documents\wondercast\opencvforunity\visualstudioproject\opencvforunity\opencvforunity.cpp(532): warning C4244: 'argument': conversion from 'float' to 'int', possible loss of data
c:\users\syalanurag\documents\wondercast\opencvforunity\visualstudioproject\opencvforunity\opencvforunity.cpp(568): warning C4267: 'return': conversion from 'size_t' to 'int', possible loss of data
c:\users\syalanurag\documents\wondercast\opencvforunity\visualstudioproject\opencvforunity\opencvforunity.cpp(579): warning C4267: 'initializing': conversion from 'size_t' to 'int', possible loss of data
     Creating library C:\Users\syalanurag\Documents\wondercast\OpenCVForUnity\VisualStudioProject\x64\Release\OpenCVForUnity.lib and object C:\Users\syalanurag\Documents\wondercast\OpenCVForUnity\VisualStudioProject\x64\Release\OpenCVForUnity.exp
  Generating code
  361 of 361 functions (100.0%) were compiled, the rest were copied from previous compilation.
    39 functions were new in current compilation
    0 functions had inline decision re-evaluated but remain unchanged
  Finished generating code
  OpenCVForUnity.vcxproj -> C:\Users\syalanurag\Documents\wondercast\OpenCVForUnity\VisualStudioProject\x64\Release\OpenCVForUnity.dll
